<?xml version="1.0" encoding="UTF-8"?>
<!-- Generated by org.testng.reporters.JUnitReportReporter -->
<testsuite skipped="0" hostname="btm-fac8-PC" name="script.CheckProductEdition" tests="1" failures="0" timestamp="04 Dec 2018 06:56:30 GMT" time="10.249" errors="0">
  <testcase name="testCheckProductEdition" time="10.249" classname="script.CheckProductEdition"/>
</testsuite> <!-- script.CheckProductEdition -->
