<?xml version="1.0" encoding="UTF-8"?>
<!-- Generated by org.testng.reporters.JUnitReportReporter -->
<testsuite skipped="0" hostname="btm-fac8-PC" name="script.InvalidLogin" tests="1" failures="0" timestamp="04 Dec 2018 05:21:40 GMT" time="20.596" errors="0">
  <testcase name="testInvalidLogin" time="20.596" classname="script.InvalidLogin"/>
</testsuite> <!-- script.InvalidLogin -->
