<?xml version="1.0" encoding="UTF-8"?>
<!-- Generated by org.testng.reporters.JUnitReportReporter -->
<testsuite skipped="0" hostname="btm-fac8-PC" name="script.CheckIssueDate" tests="1" failures="0" timestamp="04 Dec 2018 06:32:30 GMT" time="12.090" errors="0">
  <testcase name="testCheckIssueDate" time="12.090" classname="script.CheckIssueDate"/>
</testsuite> <!-- script.CheckIssueDate -->
