<?xml version="1.0" encoding="UTF-8"?>
<!-- Generated by org.testng.reporters.JUnitReportReporter -->
<testsuite skipped="0" hostname="btm-fac8-PC" name="script.ValidLogin" tests="1" failures="0" timestamp="03 Dec 2018 08:20:36 GMT" time="10.020" errors="0">
  <testcase name="testValidLogin" time="10.020" classname="script.ValidLogin"/>
</testsuite> <!-- script.ValidLogin -->
